<?xml version="1.0" encoding="UTF-8"?>
<!-- Generated by org.testng.reporters.JUnitReportReporter -->
<testsuite hostname="sangureddy" failures="0" tests="5" name="Examples.NavigationTest" time="362.385" errors="0" timestamp="04 Oct 2023 15:43:02 GMT" skipped="0">
  <testcase classname="Examples.NavigationTest" name="navigateToAUrl" time="48.074"/>
  <testcase classname="Examples.NavigationTest" name="Search" time="73.425"/>
  <testcase classname="Examples.NavigationTest" name="MenuSelect" time="68.434"/>
  <testcase classname="Examples.NavigationTest" name="DropdownSelect" time="56.059"/>
  <testcase classname="Examples.NavigationTest" name="MobileSelect" time="116.393"/>
</testsuite> <!-- Examples.NavigationTest -->
